{"uid":"4b4757e66a1912dae1a509f688f20b0f","name":"categories","children":[{"name":"Test defects","children":[{"name":"parameterValue cannot be null","children":[{"name":"testAtualizarProdutoInvalidoStatus400SemSucesso(Produto, String, String) [1]","uid":"ce0a3a3b49bd6582","parentUid":"5121553379f4508d835957cf8bc77ace","status":"broken","time":{"start":1740058068803,"stop":1740058072537,"duration":3734},"flaky":false,"newFailed":false,"newPassed":false,"newBroken":false,"retriesCount":0,"retriesStatusChange":false,"parameters":[],"tags":[]}],"uid":"5121553379f4508d835957cf8bc77ace"}],"uid":"bdbf199525818fae7a8651db9eafe741"},{"name":"Product defects","children":[{"name":"Test execution #3 (of up to 3 with at least 1 successes) failed ~> test fails - see cause for details (2 failures)\n\torg.opentest4j.TestAbortedException: No ParameterResolver registered for parameter [com.vemser.rest.model.Produto arg0] in method [public void com.vemser.rest.tests.produto.ProdutoPutTest.testAtualizarProdutoInvalidoStatus400SemSucesso(com.vemser.rest.model.Produto,java.lang.String,java.lang.String)].\nTest execution #1 (of up to 3) failed ~> will retry in 0 ms...\n\torg.opentest4j.TestAbortedException: No ParameterResolver registered for parameter [com.vemser.rest.model.Produto arg0] in method [public void com.vemser.rest.tests.produto.ProdutoPutTest.testAtualizarProdutoInvalidoStatus400SemSucesso(com.vemser.rest.model.Produto,java.lang.String,java.lang.String)].\nTest execution #2 (of up to 3) failed ~> will retry in 0 ms...","children":[{"name":"testAtualizarProdutoInvalidoStatus400SemSucesso(Produto, String, String) [3]","uid":"3cc1c04fe13620d","parentUid":"723c733aa9c185cacb09e0982e00e5ac","status":"failed","time":{"start":1740058073465,"stop":1740058074229,"duration":764},"flaky":false,"newFailed":false,"newPassed":false,"newBroken":false,"retriesCount":0,"retriesStatusChange":false,"parameters":[],"tags":[]}],"uid":"723c733aa9c185cacb09e0982e00e5ac"}],"uid":"8fb3a91ba5aaf9de24cc8a92edc82b5d"}]}